[debug] [2025-11-15T20:23:31.841Z] ----------------------------------------------------------------------
[debug] [2025-11-15T20:23:31.843Z] Command:       /Users/johnkim/.nvm/versions/node/v22.14.0/bin/node /Users/johnkim/.nvm/versions/node/v22.14.0/bin/firebase init hosting
[debug] [2025-11-15T20:23:31.843Z] CLI Version:   14.25.0
[debug] [2025-11-15T20:23:31.843Z] Platform:      darwin
[debug] [2025-11-15T20:23:31.843Z] Node Version:  v22.14.0
[debug] [2025-11-15T20:23:31.844Z] Time:          Sat Nov 15 2025 15:23:31 GMT-0500 (Eastern Standard Time)
[debug] [2025-11-15T20:23:31.844Z] ----------------------------------------------------------------------
[debug] 
[info] 
     ######## #### ########  ######## ########     ###     ######  ########
     ##        ##  ##     ## ##       ##     ##  ##   ##  ##       ##
     ######    ##  ########  ######   ########  #########  ######  ######
     ##        ##  ##    ##  ##       ##     ## ##     ##       ## ##
     ##       #### ##     ## ######## ########  ##     ##  ######  ########

You're about to initialize a Firebase project in this directory:

  /Users/johnkim/Documents/Hackathon/pickup/pickup-app

[info] 
=== Project Setup
[info] 
[info] First, let's associate this project directory with a Firebase project.
[info] You can create multiple project aliases by running firebase use --add, 
[info] 
